<?xml version="1.0" encoding="UTF-8"?>
<!-- Generated by org.testng.reporters.JUnitXMLReporter -->
<testsuite ignored="0" hostname="LIN-5CD5324Z9P" failures="6" tests="6" name="TestExampleOneChrome" time="23.038" errors="0" timestamp="2025-09-19T13:35:45 IST">
  <testcase classname="tests.LoginTest" name="testLogin" time="0.025">
    <failure type="java.lang.NullPointerException" message="Cannot invoke &amp;quot;org.openqa.selenium.WebElement.clear()&amp;quot; because &amp;quot;locator&amp;quot; is null">
      <![CDATA[java.lang.NullPointerException: Cannot invoke "org.openqa.selenium.WebElement.clear()" because "locator" is null
at pages.BasePage.type(BasePage.java:43)
at pages.LoginPage.enterUsername(LoginPage.java:45)
at tests.LoginTest.testLogin(LoginTest.java:52)
at java.base/java.util.concurrent.Executors$RunnableAdapter.call(Executors.java:572)
at java.base/java.util.concurrent.FutureTask.run(FutureTask.java:317)
at java.base/java.util.concurrent.ThreadPoolExecutor.runWorker(ThreadPoolExecutor.java:1144)
at java.base/java.util.concurrent.ThreadPoolExecutor$Worker.run(ThreadPoolExecutor.java:642)
at java.base/java.lang.Thread.run(Thread.java:1583)
... Removed 11 stack frames]]>
    </failure>
  </testcase> <!-- testLogin -->
  <testcase classname="tests.LoginTest" name="performLogin" time="0.025">
    <failure type="java.lang.NullPointerException" message="Cannot invoke &amp;quot;org.openqa.selenium.WebElement.clear()&amp;quot; because &amp;quot;locator&amp;quot; is null">
      <![CDATA[java.lang.NullPointerException: Cannot invoke "org.openqa.selenium.WebElement.clear()" because "locator" is null
at pages.BasePage.type(BasePage.java:43)
at pages.LoginPage.enterUsername(LoginPage.java:45)
at tests.LoginTest.performLogin(LoginTest.java:28)
at java.base/java.util.concurrent.Executors$RunnableAdapter.call(Executors.java:572)
at java.base/java.util.concurrent.FutureTask.run(FutureTask.java:317)
at java.base/java.util.concurrent.ThreadPoolExecutor.runWorker(ThreadPoolExecutor.java:1144)
at java.base/java.util.concurrent.ThreadPoolExecutor$Worker.run(ThreadPoolExecutor.java:642)
at java.base/java.lang.Thread.run(Thread.java:1583)
... Removed 11 stack frames]]>
    </failure>
  </testcase> <!-- performLogin -->
  <testcase classname="tests.LoginTest" name="testLogin" time="0.003">
    <failure type="java.lang.NullPointerException" message="Cannot invoke &amp;quot;org.openqa.selenium.WebElement.clear()&amp;quot; because &amp;quot;locator&amp;quot; is null">
      <![CDATA[java.lang.NullPointerException: Cannot invoke "org.openqa.selenium.WebElement.clear()" because "locator" is null
at pages.BasePage.type(BasePage.java:43)
at pages.LoginPage.enterUsername(LoginPage.java:45)
at tests.LoginTest.testLogin(LoginTest.java:52)
at java.base/java.util.concurrent.Executors$RunnableAdapter.call(Executors.java:572)
at java.base/java.util.concurrent.FutureTask.run(FutureTask.java:317)
at java.base/java.util.concurrent.ThreadPoolExecutor.runWorker(ThreadPoolExecutor.java:1144)
at java.base/java.util.concurrent.ThreadPoolExecutor$Worker.run(ThreadPoolExecutor.java:642)
at java.base/java.lang.Thread.run(Thread.java:1583)
... Removed 11 stack frames]]>
    </failure>
  </testcase> <!-- testLogin -->
  <testcase classname="tests.LoginTest" name="testLoginExcel" time="0.002">
    <failure type="java.lang.NullPointerException" message="Cannot invoke &amp;quot;org.openqa.selenium.WebElement.clear()&amp;quot; because &amp;quot;locator&amp;quot; is null">
      <![CDATA[java.lang.NullPointerException: Cannot invoke "org.openqa.selenium.WebElement.clear()" because "locator" is null
at pages.BasePage.type(BasePage.java:43)
at pages.LoginPage.enterUsername(LoginPage.java:45)
at tests.LoginTest.testLoginExcel(LoginTest.java:83)
at java.base/java.util.concurrent.Executors$RunnableAdapter.call(Executors.java:572)
at java.base/java.util.concurrent.FutureTask.run(FutureTask.java:317)
at java.base/java.util.concurrent.ThreadPoolExecutor.runWorker(ThreadPoolExecutor.java:1144)
at java.base/java.util.concurrent.ThreadPoolExecutor$Worker.run(ThreadPoolExecutor.java:642)
at java.base/java.lang.Thread.run(Thread.java:1583)
... Removed 11 stack frames]]>
    </failure>
  </testcase> <!-- testLoginExcel -->
  <testcase classname="tests.LoginTest" name="testLogin" time="0.003">
    <failure type="java.lang.NullPointerException" message="Cannot invoke &amp;quot;org.openqa.selenium.WebElement.clear()&amp;quot; because &amp;quot;locator&amp;quot; is null">
      <![CDATA[java.lang.NullPointerException: Cannot invoke "org.openqa.selenium.WebElement.clear()" because "locator" is null
at pages.BasePage.type(BasePage.java:43)
at pages.LoginPage.enterUsername(LoginPage.java:45)
at tests.LoginTest.testLogin(LoginTest.java:52)
at java.base/java.util.concurrent.Executors$RunnableAdapter.call(Executors.java:572)
at java.base/java.util.concurrent.FutureTask.run(FutureTask.java:317)
at java.base/java.util.concurrent.ThreadPoolExecutor.runWorker(ThreadPoolExecutor.java:1144)
at java.base/java.util.concurrent.ThreadPoolExecutor$Worker.run(ThreadPoolExecutor.java:642)
at java.base/java.lang.Thread.run(Thread.java:1583)
... Removed 11 stack frames]]>
    </failure>
  </testcase> <!-- testLogin -->
  <testcase classname="tests.LoginTest" name="testLoginExcel" time="0.002">
    <failure type="java.lang.NullPointerException" message="Cannot invoke &amp;quot;org.openqa.selenium.WebElement.clear()&amp;quot; because &amp;quot;locator&amp;quot; is null">
      <![CDATA[java.lang.NullPointerException: Cannot invoke "org.openqa.selenium.WebElement.clear()" because "locator" is null
at pages.BasePage.type(BasePage.java:43)
at pages.LoginPage.enterUsername(LoginPage.java:45)
at tests.LoginTest.testLoginExcel(LoginTest.java:83)
at java.base/java.util.concurrent.Executors$RunnableAdapter.call(Executors.java:572)
at java.base/java.util.concurrent.FutureTask.run(FutureTask.java:317)
at java.base/java.util.concurrent.ThreadPoolExecutor.runWorker(ThreadPoolExecutor.java:1144)
at java.base/java.util.concurrent.ThreadPoolExecutor$Worker.run(ThreadPoolExecutor.java:642)
at java.base/java.lang.Thread.run(Thread.java:1583)
... Removed 11 stack frames]]>
    </failure>
  </testcase> <!-- testLoginExcel -->
</testsuite> <!-- TestExampleOneChrome -->
